This file contains any messages produced by compilers while
running configure, to aid debugging if configure makes a mistake.

It was created by jellyfish configure 1.1.6, which was
generated by GNU Autoconf 2.64.  Invocation command line was

  $ ./configure --no-create --no-recursion

## --------- ##
## Platform. ##
## --------- ##

hostname = math
uname -m = x86_64
uname -r = 2.6.32-504.1.3.el6.x86_64
uname -s = Linux
uname -v = #1 SMP Tue Nov 11 17:57:25 UTC 2014

/usr/bin/uname -p = unknown
/bin/uname -X     = unknown

/bin/arch              = x86_64
/usr/bin/arch -k       = unknown
/usr/convex/getsysinfo = unknown
/usr/bin/hostinfo      = unknown
/bin/machine           = unknown
/usr/bin/oslevel       = unknown
/bin/universe          = unknown

PATH: /home/atif/coreutils/deps/bin
PATH: /usr/lib64/qt-3.3/bin
PATH: /usr/local/bin
PATH: /bin
PATH: /usr/bin
PATH: /usr/local/sbin
PATH: /usr/sbin
PATH: /sbin
PATH: /home/atif/bin
PATH: /home/atif/seqan-1.3.1/lib
PATH: /home/atif/ncbi-blast-2.2.28+/bin
PATH: /home/atif
PATH: /home/atif/samtools-0.1.19/misc


## ----------- ##
## Core tests. ##
## ----------- ##

configure:2490: checking build system type
configure:2504: result: x86_64-unknown-linux-gnu
configure:2524: checking host system type
configure:2537: result: x86_64-unknown-linux-gnu
configure:2574: checking for a BSD-compatible install
configure:2642: result: /home/atif/coreutils/deps/bin/install -c
configure:2653: checking whether build environment is sane
configure:2703: result: yes
configure:2844: checking for a thread-safe mkdir -p
configure:2883: result: /home/atif/coreutils/deps/bin/mkdir -p
configure:2896: checking for gawk
configure:2912: found /bin/gawk
configure:2923: result: gawk
configure:2934: checking whether make sets $(MAKE)
configure:2956: result: yes
configure:3108: checking for g++
configure:3124: found /usr/bin/g++
configure:3135: result: g++
configure:3162: checking for C++ compiler version
configure:3171: g++ --version >&5
g++ (GCC) 4.4.7 20120313 (Red Hat 4.4.7-11)
Copyright (C) 2010 Free Software Foundation, Inc.
This is free software; see the source for copying conditions.  There is NO
warranty; not even for MERCHANTABILITY or FITNESS FOR A PARTICULAR PURPOSE.

configure:3182: $? = 0
configure:3171: g++ -v >&5
Using built-in specs.
Target: x86_64-redhat-linux
Configured with: ../configure --prefix=/usr --mandir=/usr/share/man --infodir=/usr/share/info --with-bugurl=http://bugzilla.redhat.com/bugzilla --enable-bootstrap --enable-shared --enable-threads=posix --enable-checking=release --with-system-zlib --enable-__cxa_atexit --disable-libunwind-exceptions --enable-gnu-unique-object --enable-languages=c,c++,objc,obj-c++,java,fortran,ada --enable-java-awt=gtk --disable-dssi --with-java-home=/usr/lib/jvm/java-1.5.0-gcj-1.5.0.0/jre --enable-libgcj-multifile --enable-java-maintainer-mode --with-ecj-jar=/usr/share/java/eclipse-ecj.jar --disable-libjava-multilib --with-ppl --with-cloog --with-tune=generic --with-arch_32=i686 --build=x86_64-redhat-linux
Thread model: posix
gcc version 4.4.7 20120313 (Red Hat 4.4.7-11) (GCC) 
configure:3182: $? = 0
configure:3171: g++ -V >&5
g++: '-V' option must have argument
configure:3182: $? = 1
configure:3171: g++ -qversion >&5
g++: unrecognized option '-qversion'
g++: no input files
configure:3182: $? = 1
configure:3204: checking for C++ compiler default output file name
configure:3226: g++    conftest.cpp  >&5
configure:3230: $? = 0
configure:3267: result: a.out
configure:3283: checking whether the C++ compiler works
configure:3292: ./a.out
configure:3296: $? = 0
configure:3311: result: yes
configure:3318: checking whether we are cross compiling
configure:3320: result: no
configure:3323: checking for suffix of executables
configure:3330: g++ -o conftest    conftest.cpp  >&5
configure:3334: $? = 0
configure:3356: result: 
configure:3362: checking for suffix of object files
configure:3384: g++ -c   conftest.cpp >&5
configure:3388: $? = 0
configure:3409: result: o
configure:3413: checking whether we are using the GNU C++ compiler
configure:3432: g++ -c   conftest.cpp >&5
configure:3432: $? = 0
configure:3441: result: yes
configure:3450: checking whether g++ accepts -g
configure:3470: g++ -c -g  conftest.cpp >&5
configure:3470: $? = 0
configure:3511: result: yes
configure:3545: checking for style of include used by make
configure:3573: result: GNU
configure:3599: checking dependency style of g++
configure:3710: result: gcc3
configure:3738: checking for md5sum
configure:3754: found /home/atif/coreutils/deps/bin/md5sum
configure:3765: result: md5sum
configure:3893: checking for gcc
configure:3909: found /usr/bin/gcc
configure:3920: result: gcc
configure:4149: checking for C compiler version
configure:4158: gcc --version >&5
gcc (GCC) 4.4.7 20120313 (Red Hat 4.4.7-11)
Copyright (C) 2010 Free Software Foundation, Inc.
This is free software; see the source for copying conditions.  There is NO
warranty; not even for MERCHANTABILITY or FITNESS FOR A PARTICULAR PURPOSE.

configure:4169: $? = 0
configure:4158: gcc -v >&5
Using built-in specs.
Target: x86_64-redhat-linux
Configured with: ../configure --prefix=/usr --mandir=/usr/share/man --infodir=/usr/share/info --with-bugurl=http://bugzilla.redhat.com/bugzilla --enable-bootstrap --enable-shared --enable-threads=posix --enable-checking=release --with-system-zlib --enable-__cxa_atexit --disable-libunwind-exceptions --enable-gnu-unique-object --enable-languages=c,c++,objc,obj-c++,java,fortran,ada --enable-java-awt=gtk --disable-dssi --with-java-home=/usr/lib/jvm/java-1.5.0-gcj-1.5.0.0/jre --enable-libgcj-multifile --enable-java-maintainer-mode --with-ecj-jar=/usr/share/java/eclipse-ecj.jar --disable-libjava-multilib --with-ppl --with-cloog --with-tune=generic --with-arch_32=i686 --build=x86_64-redhat-linux
Thread model: posix
gcc version 4.4.7 20120313 (Red Hat 4.4.7-11) (GCC) 
configure:4169: $? = 0
configure:4158: gcc -V >&5
gcc: '-V' option must have argument
configure:4169: $? = 1
configure:4158: gcc -qversion >&5
gcc: unrecognized option '-qversion'
gcc: no input files
configure:4169: $? = 1
configure:4173: checking whether we are using the GNU C compiler
configure:4192: gcc -c   conftest.c >&5
configure:4192: $? = 0
configure:4201: result: yes
configure:4210: checking whether gcc accepts -g
configure:4230: gcc -c -g  conftest.c >&5
configure:4230: $? = 0
configure:4271: result: yes
configure:4288: checking for gcc option to accept ISO C89
configure:4352: gcc  -c -g -O2  conftest.c >&5
configure:4352: $? = 0
configure:4365: result: none needed
configure:4387: checking dependency style of gcc
configure:4498: result: gcc3
configure:4519: checking how to run the C preprocessor
configure:4550: gcc -E  conftest.c
configure:4550: $? = 0
configure:4564: gcc -E  conftest.c
conftest.c:11:28: error: ac_nonexistent.h: No such file or directory
configure:4564: $? = 1
configure: failed program was:
| /* confdefs.h */
| #define PACKAGE_NAME "jellyfish"
| #define PACKAGE_TARNAME "jellyfish"
| #define PACKAGE_VERSION "1.1.6"
| #define PACKAGE_STRING "jellyfish 1.1.6"
| #define PACKAGE_BUGREPORT "gmarcais@umd.edu"
| #define PACKAGE_URL ""
| #define PACKAGE "jellyfish"
| #define VERSION "1.1.6"
| /* end confdefs.h.  */
| #include <ac_nonexistent.h>
configure:4589: result: gcc -E
configure:4609: gcc -E  conftest.c
configure:4609: $? = 0
configure:4623: gcc -E  conftest.c
conftest.c:11:28: error: ac_nonexistent.h: No such file or directory
configure:4623: $? = 1
configure: failed program was:
| /* confdefs.h */
| #define PACKAGE_NAME "jellyfish"
| #define PACKAGE_TARNAME "jellyfish"
| #define PACKAGE_VERSION "1.1.6"
| #define PACKAGE_STRING "jellyfish 1.1.6"
| #define PACKAGE_BUGREPORT "gmarcais@umd.edu"
| #define PACKAGE_URL ""
| #define PACKAGE "jellyfish"
| #define VERSION "1.1.6"
| /* end confdefs.h.  */
| #include <ac_nonexistent.h>
configure:4652: checking for grep that handles long lines and -e
configure:4710: result: /bin/grep
configure:4715: checking for egrep
configure:4777: result: /bin/grep -E
configure:4782: checking for ANSI C header files
configure:4802: gcc -c -g -O2  conftest.c >&5
configure:4802: $? = 0
configure:4875: gcc -o conftest -g -O2   conftest.c  >&5
configure:4875: $? = 0
configure:4875: ./conftest
configure:4875: $? = 0
configure:4886: result: yes
configure:4899: checking for sys/types.h
configure:4899: gcc -c -g -O2  conftest.c >&5
configure:4899: $? = 0
configure:4899: result: yes
configure:4899: checking for sys/stat.h
configure:4899: gcc -c -g -O2  conftest.c >&5
configure:4899: $? = 0
configure:4899: result: yes
configure:4899: checking for stdlib.h
configure:4899: gcc -c -g -O2  conftest.c >&5
configure:4899: $? = 0
configure:4899: result: yes
configure:4899: checking for string.h
configure:4899: gcc -c -g -O2  conftest.c >&5
configure:4899: $? = 0
configure:4899: result: yes
configure:4899: checking for memory.h
configure:4899: gcc -c -g -O2  conftest.c >&5
configure:4899: $? = 0
configure:4899: result: yes
configure:4899: checking for strings.h
configure:4899: gcc -c -g -O2  conftest.c >&5
configure:4899: $? = 0
configure:4899: result: yes
configure:4899: checking for inttypes.h
configure:4899: gcc -c -g -O2  conftest.c >&5
configure:4899: $? = 0
configure:4899: result: yes
configure:4899: checking for stdint.h
configure:4899: gcc -c -g -O2  conftest.c >&5
configure:4899: $? = 0
configure:4899: result: yes
configure:4899: checking for unistd.h
configure:4899: gcc -c -g -O2  conftest.c >&5
configure:4899: $? = 0
configure:4899: result: yes
configure:4912: checking for __int128
configure:4912: gcc -c -g -O2  conftest.c >&5
conftest.c: In function 'main':
conftest.c:57: error: '__int128' undeclared (first use in this function)
conftest.c:57: error: (Each undeclared identifier is reported only once
conftest.c:57: error: for each function it appears in.)
configure:4912: $? = 1
configure: failed program was:
| /* confdefs.h */
| #define PACKAGE_NAME "jellyfish"
| #define PACKAGE_TARNAME "jellyfish"
| #define PACKAGE_VERSION "1.1.6"
| #define PACKAGE_STRING "jellyfish 1.1.6"
| #define PACKAGE_BUGREPORT "gmarcais@umd.edu"
| #define PACKAGE_URL ""
| #define PACKAGE "jellyfish"
| #define VERSION "1.1.6"
| #define STDC_HEADERS 1
| #define HAVE_SYS_TYPES_H 1
| #define HAVE_SYS_STAT_H 1
| #define HAVE_STDLIB_H 1
| #define HAVE_STRING_H 1
| #define HAVE_MEMORY_H 1
| #define HAVE_STRINGS_H 1
| #define HAVE_INTTYPES_H 1
| #define HAVE_STDINT_H 1
| #define HAVE_UNISTD_H 1
| /* end confdefs.h.  */
| #include <stdio.h>
| #ifdef HAVE_SYS_TYPES_H
| # include <sys/types.h>
| #endif
| #ifdef HAVE_SYS_STAT_H
| # include <sys/stat.h>
| #endif
| #ifdef STDC_HEADERS
| # include <stdlib.h>
| # include <stddef.h>
| #else
| # ifdef HAVE_STDLIB_H
| #  include <stdlib.h>
| # endif
| #endif
| #ifdef HAVE_STRING_H
| # if !defined STDC_HEADERS && defined HAVE_MEMORY_H
| #  include <memory.h>
| # endif
| # include <string.h>
| #endif
| #ifdef HAVE_STRINGS_H
| # include <strings.h>
| #endif
| #ifdef HAVE_INTTYPES_H
| # include <inttypes.h>
| #endif
| #ifdef HAVE_STDINT_H
| # include <stdint.h>
| #endif
| #ifdef HAVE_UNISTD_H
| # include <unistd.h>
| #endif
| int
| main ()
| {
| if (sizeof (__int128))
| 	 return 0;
|   ;
|   return 0;
| }
configure:4912: result: no
configure:4922: checking whether strerror_r is declared
configure:4922: gcc -c -g -O2  conftest.c >&5
configure:4922: $? = 0
configure:4922: result: yes
configure:4935: checking for strerror_r
configure:4935: gcc -o conftest -g -O2   conftest.c  >&5
configure:4935: $? = 0
configure:4935: result: yes
configure:4944: checking whether strerror_r returns char *
configure:4968: gcc -c -g -O2  conftest.c >&5
conftest.c: In function 'main':
conftest.c:61: error: invalid type argument of 'unary *' (have 'int')
conftest.c:62: warning: initialization makes pointer from integer without a cast
configure:4968: $? = 1
configure: failed program was:
| /* confdefs.h */
| #define PACKAGE_NAME "jellyfish"
| #define PACKAGE_TARNAME "jellyfish"
| #define PACKAGE_VERSION "1.1.6"
| #define PACKAGE_STRING "jellyfish 1.1.6"
| #define PACKAGE_BUGREPORT "gmarcais@umd.edu"
| #define PACKAGE_URL ""
| #define PACKAGE "jellyfish"
| #define VERSION "1.1.6"
| #define STDC_HEADERS 1
| #define HAVE_SYS_TYPES_H 1
| #define HAVE_SYS_STAT_H 1
| #define HAVE_STDLIB_H 1
| #define HAVE_STRING_H 1
| #define HAVE_MEMORY_H 1
| #define HAVE_STRINGS_H 1
| #define HAVE_INTTYPES_H 1
| #define HAVE_STDINT_H 1
| #define HAVE_UNISTD_H 1
| #define HAVE_DECL_STRERROR_R 1
| #define HAVE_STRERROR_R 1
| /* end confdefs.h.  */
| #include <stdio.h>
| #ifdef HAVE_SYS_TYPES_H
| # include <sys/types.h>
| #endif
| #ifdef HAVE_SYS_STAT_H
| # include <sys/stat.h>
| #endif
| #ifdef STDC_HEADERS
| # include <stdlib.h>
| # include <stddef.h>
| #else
| # ifdef HAVE_STDLIB_H
| #  include <stdlib.h>
| # endif
| #endif
| #ifdef HAVE_STRING_H
| # if !defined STDC_HEADERS && defined HAVE_MEMORY_H
| #  include <memory.h>
| # endif
| # include <string.h>
| #endif
| #ifdef HAVE_STRINGS_H
| # include <strings.h>
| #endif
| #ifdef HAVE_INTTYPES_H
| # include <inttypes.h>
| #endif
| #ifdef HAVE_STDINT_H
| # include <stdint.h>
| #endif
| #ifdef HAVE_UNISTD_H
| # include <unistd.h>
| #endif
| int
| main ()
| {
| 
| 	  char buf[100];
| 	  char x = *strerror_r (0, buf, sizeof buf);
| 	  char *p = strerror_r (0, buf, sizeof buf);
| 	  return !p || x;
| 
|   ;
|   return 0;
| }
configure:5006: result: no
configure:5017: checking execinfo.h usability
configure:5017: gcc -c -g -O2  conftest.c >&5
configure:5017: $? = 0
configure:5017: result: yes
configure:5017: checking execinfo.h presence
configure:5017: gcc -E  conftest.c
configure:5017: $? = 0
configure:5017: result: yes
configure:5017: checking for execinfo.h
configure:5017: result: yes
configure:5028: checking for siginfo_t.si_int
configure:5028: gcc -c -g -O2  conftest.c >&5
configure:5028: $? = 0
configure:5028: result: yes
configure:5083: checking how to print strings
configure:5110: result: printf
configure:5131: checking for a sed that does not truncate output
configure:5195: result: /bin/sed
configure:5213: checking for fgrep
configure:5275: result: /bin/grep -F
configure:5310: checking for ld used by gcc
configure:5377: result: /usr/bin/ld
configure:5384: checking if the linker (/usr/bin/ld) is GNU ld
configure:5399: result: yes
configure:5411: checking for BSD- or MS-compatible name lister (nm)
configure:5460: result: /usr/bin/nm -B
configure:5590: checking the name lister (/usr/bin/nm -B) interface
configure:5597: gcc -c -g -O2  conftest.c >&5
configure:5600: /usr/bin/nm -B "conftest.o"
configure:5603: output
0000000000000000 B some_variable
configure:5610: result: BSD nm
configure:5613: checking whether ln -s works
configure:5617: result: yes
configure:5625: checking the maximum length of command line arguments
configure:5755: result: 1966080
configure:5772: checking whether the shell understands some XSI constructs
configure:5782: result: yes
configure:5786: checking whether the shell understands "+="
configure:5792: result: yes
configure:5827: checking how to convert x86_64-unknown-linux-gnu file names to x86_64-unknown-linux-gnu format
configure:5867: result: func_convert_file_noop
configure:5874: checking how to convert x86_64-unknown-linux-gnu file names to toolchain format
configure:5894: result: func_convert_file_noop
configure:5901: checking for /usr/bin/ld option to reload object files
configure:5908: result: -r
configure:5982: checking for objdump
configure:5998: found /usr/bin/objdump
configure:6009: result: objdump
configure:6041: checking how to recognize dependent libraries
configure:6243: result: pass_all
configure:6328: checking for dlltool
configure:6358: result: no
configure:6388: checking how to associate runtime and link libraries
configure:6415: result: printf %s\n
configure:6475: checking for ar
configure:6491: found /usr/bin/ar
configure:6502: result: ar
configure:6539: checking for archiver @FILE support
configure:6556: gcc -c -g -O2  conftest.c >&5
configure:6556: $? = 0
configure:6559: ar cru libconftest.a @conftest.lst >&5
configure:6562: $? = 0
configure:6567: ar cru libconftest.a @conftest.lst >&5
ar: conftest.o: No such file or directory
configure:6570: $? = 1
configure:6582: result: @
configure:6640: checking for strip
configure:6656: found /usr/bin/strip
configure:6667: result: strip
configure:6739: checking for ranlib
configure:6755: found /usr/bin/ranlib
configure:6766: result: ranlib
configure:6868: checking command to parse /usr/bin/nm -B output from gcc object
configure:6988: gcc -c -g -O2  conftest.c >&5
configure:6991: $? = 0
configure:6995: /usr/bin/nm -B conftest.o \| sed -n -e 's/^.*[ ]\([ABCDGIRSTW][ABCDGIRSTW]*\)[ ][ ]*\([_A-Za-z][_A-Za-z0-9]*\)$/\1 \2 \2/p' | sed '/ __gnu_lto/d' \> conftest.nm
configure:6998: $? = 0
configure:7064: gcc -o conftest -g -O2   conftest.c conftstm.o >&5
configure:7067: $? = 0
configure:7105: result: ok
configure:7142: checking for sysroot
configure:7172: result: no
configure:7249: gcc -c -g -O2  conftest.c >&5
configure:7252: $? = 0
configure:7428: checking for mt
configure:7458: result: no
configure:7478: checking if : is a manifest tool
configure:7484: : '-?'
configure:7492: result: no
configure:8131: checking for dlfcn.h
configure:8131: gcc -c -g -O2  conftest.c >&5
configure:8131: $? = 0
configure:8131: result: yes
configure:8348: checking for objdir
configure:8363: result: .libs
configure:8634: checking if gcc supports -fno-rtti -fno-exceptions
configure:8652: gcc -c -g -O2  -fno-rtti -fno-exceptions conftest.c >&5
cc1: warning: command line option "-fno-rtti" is valid for C++/ObjC++ but not for C
configure:8656: $? = 0
configure:8669: result: no
configure:8996: checking for gcc option to produce PIC
configure:9003: result: -fPIC -DPIC
configure:9011: checking if gcc PIC flag -fPIC -DPIC works
configure:9029: gcc -c -g -O2  -fPIC -DPIC -DPIC conftest.c >&5
configure:9033: $? = 0
configure:9046: result: yes
configure:9075: checking if gcc static flag -static works
configure:9103: result: no
configure:9118: checking if gcc supports -c -o file.o
configure:9139: gcc -c -g -O2  -o out/conftest2.o conftest.c >&5
configure:9143: $? = 0
configure:9165: result: yes
configure:9173: checking if gcc supports -c -o file.o
configure:9220: result: yes
configure:9253: checking whether the gcc linker (/usr/bin/ld -m elf_x86_64) supports shared libraries
configure:10406: result: yes
configure:10443: checking whether -lc should be explicitly linked in
configure:10451: gcc -c -g -O2  conftest.c >&5
configure:10454: $? = 0
configure:10469: gcc -shared  -fPIC -DPIC conftest.o  -v -Wl,-soname -Wl,conftest -o conftest 2\>\&1 \| /bin/grep  -lc  \>/dev/null 2\>\&1
configure:10472: $? = 0
configure:10486: result: no
configure:10646: checking dynamic linker characteristics
configure:11157: gcc -o conftest -g -O2   -Wl,-rpath -Wl,/foo conftest.c  >&5
configure:11157: $? = 0
configure:11379: result: GNU/Linux ld.so
configure:11486: checking how to hardcode library paths into programs
configure:11511: result: immediate
configure:12051: checking whether stripping libraries is possible
configure:12056: result: yes
configure:12091: checking if libtool supports shared libraries
configure:12093: result: yes
configure:12096: checking whether to build shared libraries
configure:12117: result: yes
configure:12120: checking whether to build static libraries
configure:12124: result: yes
configure:12147: checking how to run the C++ preprocessor
configure:12174: g++ -E  conftest.cpp
configure:12174: $? = 0
configure:12188: g++ -E  conftest.cpp
conftest.cpp:27:28: error: ac_nonexistent.h: No such file or directory
configure:12188: $? = 1
configure: failed program was:
| /* confdefs.h */
| #define PACKAGE_NAME "jellyfish"
| #define PACKAGE_TARNAME "jellyfish"
| #define PACKAGE_VERSION "1.1.6"
| #define PACKAGE_STRING "jellyfish 1.1.6"
| #define PACKAGE_BUGREPORT "gmarcais@umd.edu"
| #define PACKAGE_URL ""
| #define PACKAGE "jellyfish"
| #define VERSION "1.1.6"
| #define STDC_HEADERS 1
| #define HAVE_SYS_TYPES_H 1
| #define HAVE_SYS_STAT_H 1
| #define HAVE_STDLIB_H 1
| #define HAVE_STRING_H 1
| #define HAVE_MEMORY_H 1
| #define HAVE_STRINGS_H 1
| #define HAVE_INTTYPES_H 1
| #define HAVE_STDINT_H 1
| #define HAVE_UNISTD_H 1
| #define HAVE_DECL_STRERROR_R 1
| #define HAVE_STRERROR_R 1
| #define HAVE_EXECINFO_H 1
| #define HAVE_SI_INT 1
| #define HAVE_DLFCN_H 1
| #define LT_OBJDIR ".libs/"
| /* end confdefs.h.  */
| #include <ac_nonexistent.h>
configure:12213: result: g++ -E
configure:12233: g++ -E  conftest.cpp
configure:12233: $? = 0
configure:12247: g++ -E  conftest.cpp
conftest.cpp:27:28: error: ac_nonexistent.h: No such file or directory
configure:12247: $? = 1
configure: failed program was:
| /* confdefs.h */
| #define PACKAGE_NAME "jellyfish"
| #define PACKAGE_TARNAME "jellyfish"
| #define PACKAGE_VERSION "1.1.6"
| #define PACKAGE_STRING "jellyfish 1.1.6"
| #define PACKAGE_BUGREPORT "gmarcais@umd.edu"
| #define PACKAGE_URL ""
| #define PACKAGE "jellyfish"
| #define VERSION "1.1.6"
| #define STDC_HEADERS 1
| #define HAVE_SYS_TYPES_H 1
| #define HAVE_SYS_STAT_H 1
| #define HAVE_STDLIB_H 1
| #define HAVE_STRING_H 1
| #define HAVE_MEMORY_H 1
| #define HAVE_STRINGS_H 1
| #define HAVE_INTTYPES_H 1
| #define HAVE_STDINT_H 1
| #define HAVE_UNISTD_H 1
| #define HAVE_DECL_STRERROR_R 1
| #define HAVE_STRERROR_R 1
| #define HAVE_EXECINFO_H 1
| #define HAVE_SI_INT 1
| #define HAVE_DLFCN_H 1
| #define LT_OBJDIR ".libs/"
| /* end confdefs.h.  */
| #include <ac_nonexistent.h>
configure:12416: checking for ld used by g++
configure:12483: result: /usr/bin/ld -m elf_x86_64
configure:12490: checking if the linker (/usr/bin/ld -m elf_x86_64) is GNU ld
configure:12505: result: yes
configure:12560: checking whether the g++ linker (/usr/bin/ld -m elf_x86_64) supports shared libraries
configure:13565: result: yes
configure:13601: g++ -c   conftest.cpp >&5
configure:13604: $? = 0
configure:14124: checking for g++ option to produce PIC
configure:14131: result: -fPIC -DPIC
configure:14139: checking if g++ PIC flag -fPIC -DPIC works
configure:14157: g++ -c   -fPIC -DPIC -DPIC conftest.cpp >&5
configure:14161: $? = 0
configure:14174: result: yes
configure:14197: checking if g++ static flag -static works
configure:14225: result: no
configure:14237: checking if g++ supports -c -o file.o
configure:14258: g++ -c   -o out/conftest2.o conftest.cpp >&5
configure:14262: $? = 0
configure:14284: result: yes
configure:14289: checking if g++ supports -c -o file.o
configure:14336: result: yes
configure:14366: checking whether the g++ linker (/usr/bin/ld -m elf_x86_64) supports shared libraries
configure:14402: result: yes
configure:14543: checking dynamic linker characteristics
configure:15210: result: GNU/Linux ld.so
configure:15263: checking how to hardcode library paths into programs
configure:15288: result: immediate
configure:15471: creating ./config.status

## ---------------- ##
## Cache variables. ##
## ---------------- ##

ac_cv_build=x86_64-unknown-linux-gnu
ac_cv_c_compiler_gnu=yes
ac_cv_cxx_compiler_gnu=yes
ac_cv_env_CCC_set=
ac_cv_env_CCC_value=
ac_cv_env_CC_set=
ac_cv_env_CC_value=
ac_cv_env_CFLAGS_set=
ac_cv_env_CFLAGS_value=
ac_cv_env_CPPFLAGS_set=
ac_cv_env_CPPFLAGS_value=
ac_cv_env_CPP_set=
ac_cv_env_CPP_value=
ac_cv_env_CXXCPP_set=
ac_cv_env_CXXCPP_value=
ac_cv_env_CXXFLAGS_set=
ac_cv_env_CXXFLAGS_value=
ac_cv_env_CXX_set=
ac_cv_env_CXX_value=
ac_cv_env_LDFLAGS_set=
ac_cv_env_LDFLAGS_value=
ac_cv_env_LIBS_set=
ac_cv_env_LIBS_value=
ac_cv_env_MD5_set=
ac_cv_env_MD5_value=
ac_cv_env_build_alias_set=
ac_cv_env_build_alias_value=
ac_cv_env_host_alias_set=
ac_cv_env_host_alias_value=
ac_cv_env_target_alias_set=
ac_cv_env_target_alias_value=
ac_cv_func_strerror_r=yes
ac_cv_func_strerror_r_char_p=no
ac_cv_have_decl_strerror_r=yes
ac_cv_header_dlfcn_h=yes
ac_cv_header_execinfo_h=yes
ac_cv_header_inttypes_h=yes
ac_cv_header_memory_h=yes
ac_cv_header_stdc=yes
ac_cv_header_stdint_h=yes
ac_cv_header_stdlib_h=yes
ac_cv_header_string_h=yes
ac_cv_header_strings_h=yes
ac_cv_header_sys_stat_h=yes
ac_cv_header_sys_types_h=yes
ac_cv_header_unistd_h=yes
ac_cv_host=x86_64-unknown-linux-gnu
ac_cv_member_siginfo_t_si_int=yes
ac_cv_objext=o
ac_cv_path_EGREP='/bin/grep -E'
ac_cv_path_FGREP='/bin/grep -F'
ac_cv_path_GREP=/bin/grep
ac_cv_path_SED=/bin/sed
ac_cv_path_install='/home/atif/coreutils/deps/bin/install -c'
ac_cv_path_mkdir=/home/atif/coreutils/deps/bin/mkdir
ac_cv_prog_AWK=gawk
ac_cv_prog_CPP='gcc -E'
ac_cv_prog_CXXCPP='g++ -E'
ac_cv_prog_MD5=md5sum
ac_cv_prog_ac_ct_AR=ar
ac_cv_prog_ac_ct_CC=gcc
ac_cv_prog_ac_ct_CXX=g++
ac_cv_prog_ac_ct_OBJDUMP=objdump
ac_cv_prog_ac_ct_RANLIB=ranlib
ac_cv_prog_ac_ct_STRIP=strip
ac_cv_prog_cc_c89=
ac_cv_prog_cc_g=yes
ac_cv_prog_cxx_g=yes
ac_cv_prog_make_make_set=yes
ac_cv_type___int128=no
am_cv_CC_dependencies_compiler_type=gcc3
am_cv_CXX_dependencies_compiler_type=gcc3
lt_cv_ar_at_file=@
lt_cv_archive_cmds_need_lc=no
lt_cv_deplibs_check_method=pass_all
lt_cv_file_magic_cmd='$MAGIC_CMD'
lt_cv_file_magic_test_file=
lt_cv_ld_reload_flag=-r
lt_cv_nm_interface='BSD nm'
lt_cv_objdir=.libs
lt_cv_path_LD=/usr/bin/ld
lt_cv_path_LDCXX='/usr/bin/ld -m elf_x86_64'
lt_cv_path_NM='/usr/bin/nm -B'
lt_cv_path_mainfest_tool=no
lt_cv_prog_compiler_c_o=yes
lt_cv_prog_compiler_c_o_CXX=yes
lt_cv_prog_compiler_pic='-fPIC -DPIC'
lt_cv_prog_compiler_pic_CXX='-fPIC -DPIC'
lt_cv_prog_compiler_pic_works=yes
lt_cv_prog_compiler_pic_works_CXX=yes
lt_cv_prog_compiler_rtti_exceptions=no
lt_cv_prog_compiler_static_works=no
lt_cv_prog_compiler_static_works_CXX=no
lt_cv_prog_gnu_ld=yes
lt_cv_prog_gnu_ldcxx=yes
lt_cv_sharedlib_from_linklib_cmd='printf %s\n'
lt_cv_shlibpath_overrides_runpath=no
lt_cv_sys_global_symbol_pipe='sed -n -e '\''s/^.*[	 ]\([ABCDGIRSTW][ABCDGIRSTW]*\)[	 ][	 ]*\([_A-Za-z][_A-Za-z0-9]*\)$/\1 \2 \2/p'\'' | sed '\''/ __gnu_lto/d'\'''
lt_cv_sys_global_symbol_to_c_name_address='sed -n -e '\''s/^: \([^ ]*\)[ ]*$/  {\"\1\", (void *) 0},/p'\'' -e '\''s/^[ABCDGIRSTW]* \([^ ]*\) \([^ ]*\)$/  {"\2", (void *) \&\2},/p'\'''
lt_cv_sys_global_symbol_to_c_name_address_lib_prefix='sed -n -e '\''s/^: \([^ ]*\)[ ]*$/  {\"\1\", (void *) 0},/p'\'' -e '\''s/^[ABCDGIRSTW]* \([^ ]*\) \(lib[^ ]*\)$/  {"\2", (void *) \&\2},/p'\'' -e '\''s/^[ABCDGIRSTW]* \([^ ]*\) \([^ ]*\)$/  {"lib\2", (void *) \&\2},/p'\'''
lt_cv_sys_global_symbol_to_cdecl='sed -n -e '\''s/^T .* \(.*\)$/extern int \1();/p'\'' -e '\''s/^[ABCDGIRSTW]* .* \(.*\)$/extern char \1;/p'\'''
lt_cv_sys_max_cmd_len=1966080
lt_cv_to_host_file_cmd=func_convert_file_noop
lt_cv_to_tool_file_cmd=func_convert_file_noop

## ----------------- ##
## Output variables. ##
## ----------------- ##

ACLOCAL='${SHELL} /home/atif/jellyfish-Hawk/missing --run aclocal-1.11'
AMDEPBACKSLASH='\'
AMDEP_FALSE='#'
AMDEP_TRUE=''
AMTAR='${SHELL} /home/atif/jellyfish-Hawk/missing --run tar'
AM_BACKSLASH='\'
AM_DEFAULT_VERBOSITY='0'
AR='ar'
AUTOCONF='${SHELL} /home/atif/jellyfish-Hawk/missing --run autoconf'
AUTOHEADER='${SHELL} /home/atif/jellyfish-Hawk/missing --run autoheader'
AUTOMAKE='${SHELL} /home/atif/jellyfish-Hawk/missing --run automake-1.11'
AWK='gawk'
CC='gcc'
CCDEPMODE='depmode=gcc3'
CFLAGS='-g -O2'
CPP='gcc -E'
CPPFLAGS=''
CXX='g++'
CXXCPP='g++ -E'
CXXDEPMODE='depmode=gcc3'
CXXFLAGS=''
CYGPATH_W='echo'
DEFS='-DHAVE_CONFIG_H'
DEPDIR='.deps'
DLLTOOL='false'
DSYMUTIL=''
DUMPBIN=''
ECHO_C=''
ECHO_N='-n'
ECHO_T=''
EGREP='/bin/grep -E'
EXEEXT=''
FGREP='/bin/grep -F'
GREP='/bin/grep'
INSTALL_DATA='${INSTALL} -m 644'
INSTALL_PROGRAM='${INSTALL}'
INSTALL_SCRIPT='${INSTALL}'
INSTALL_STRIP_PROGRAM='$(install_sh) -c -s'
LD='/usr/bin/ld -m elf_x86_64'
LDFLAGS=''
LIBOBJS=''
LIBS=''
LIBTOOL='$(SHELL) $(top_builddir)/libtool'
LIPO=''
LN_S='ln -s'
LTLIBOBJS=''
MAKEINFO='${SHELL} /home/atif/jellyfish-Hawk/missing --run makeinfo'
MANIFEST_TOOL=':'
MD5='md5sum'
MKDIR_P='/home/atif/coreutils/deps/bin/mkdir -p'
NM='/usr/bin/nm -B'
NMEDIT=''
OBJDUMP='objdump'
OBJEXT='o'
OTOOL64=''
OTOOL=''
PACKAGE='jellyfish'
PACKAGE_BUGREPORT='gmarcais@umd.edu'
PACKAGE_NAME='jellyfish'
PACKAGE_STRING='jellyfish 1.1.6'
PACKAGE_TARNAME='jellyfish'
PACKAGE_URL=''
PACKAGE_VERSION='1.1.6'
PATH_SEPARATOR=':'
RANLIB='ranlib'
SED='/bin/sed'
SET_MAKE=''
SHELL='/bin/sh'
STRIP='strip'
VERSION='1.1.6'
ac_ct_AR='ar'
ac_ct_CC='gcc'
ac_ct_CXX='g++'
ac_ct_DUMPBIN=''
am__EXEEXT_FALSE=''
am__EXEEXT_TRUE='#'
am__fastdepCC_FALSE='#'
am__fastdepCC_TRUE=''
am__fastdepCXX_FALSE='#'
am__fastdepCXX_TRUE=''
am__include='include'
am__isrc=''
am__leading_dot='.'
am__nodep='_no'
am__quote=''
am__tar='${AMTAR} chof - "$$tardir"'
am__untar='${AMTAR} xf -'
bindir='${exec_prefix}/bin'
build='x86_64-unknown-linux-gnu'
build_alias=''
build_cpu='x86_64'
build_os='linux-gnu'
build_vendor='unknown'
datadir='${datarootdir}'
datarootdir='${prefix}/share'
docdir='${datarootdir}/doc/${PACKAGE_TARNAME}'
dvidir='${docdir}'
exec_prefix='${prefix}'
host='x86_64-unknown-linux-gnu'
host_alias=''
host_cpu='x86_64'
host_os='linux-gnu'
host_vendor='unknown'
htmldir='${docdir}'
includedir='${prefix}/include'
infodir='${datarootdir}/info'
install_sh='${SHELL} /home/atif/jellyfish-Hawk/install-sh'
libdir='${exec_prefix}/lib'
libexecdir='${exec_prefix}/libexec'
localedir='${datarootdir}/locale'
localstatedir='${prefix}/var'
mandir='${datarootdir}/man'
mkdir_p='/home/atif/coreutils/deps/bin/mkdir -p'
oldincludedir='/usr/include'
pdfdir='${docdir}'
prefix='/usr/local'
program_transform_name='s,x,x,'
psdir='${docdir}'
sbindir='${exec_prefix}/sbin'
sharedstatedir='${prefix}/com'
sysconfdir='${prefix}/etc'
target_alias=''

## ----------- ##
## confdefs.h. ##
## ----------- ##

/* confdefs.h */
#define PACKAGE_NAME "jellyfish"
#define PACKAGE_TARNAME "jellyfish"
#define PACKAGE_VERSION "1.1.6"
#define PACKAGE_STRING "jellyfish 1.1.6"
#define PACKAGE_BUGREPORT "gmarcais@umd.edu"
#define PACKAGE_URL ""
#define PACKAGE "jellyfish"
#define VERSION "1.1.6"
#define STDC_HEADERS 1
#define HAVE_SYS_TYPES_H 1
#define HAVE_SYS_STAT_H 1
#define HAVE_STDLIB_H 1
#define HAVE_STRING_H 1
#define HAVE_MEMORY_H 1
#define HAVE_STRINGS_H 1
#define HAVE_INTTYPES_H 1
#define HAVE_STDINT_H 1
#define HAVE_UNISTD_H 1
#define HAVE_DECL_STRERROR_R 1
#define HAVE_STRERROR_R 1
#define HAVE_EXECINFO_H 1
#define HAVE_SI_INT 1
#define HAVE_DLFCN_H 1
#define LT_OBJDIR ".libs/"

configure: exit 0

## ---------------------- ##
## Running config.status. ##
## ---------------------- ##

This file was extended by jellyfish config.status 1.1.6, which was
generated by GNU Autoconf 2.64.  Invocation command line was

  CONFIG_FILES    = 
  CONFIG_HEADERS  = 
  CONFIG_LINKS    = 
  CONFIG_COMMANDS = 
  $ ./config.status 

on math

config.status:1147: creating Makefile
config.status:1147: creating tests/compat.sh
config.status:1147: creating jellyfish-1.1.pc
config.status:1147: creating config.h
config.status:1319: config.h is unchanged
config.status:1367: executing depfiles commands
config.status:1367: executing libtool commands

## ---------------------- ##
## Running config.status. ##
## ---------------------- ##

This file was extended by jellyfish config.status 1.1.6, which was
generated by GNU Autoconf 2.64.  Invocation command line was

  CONFIG_FILES    = 
  CONFIG_HEADERS  = 
  CONFIG_LINKS    = 
  CONFIG_COMMANDS = 
  $ ./config.status config.h

on math

config.status:1147: creating config.h
